*** Using Compiler 'V5.06 update 7 (build 960)', folder: 'C:\Keil_v5\ARM\ARM_Compiler_5.06u7\Bin'
Rebuild target 'bootloader'
assembling startup_stm32f407xx.s...
compiling sdio.c...
compiling stm32f4xx_hal_flash_ramfunc.c...
compiling stm32f4xx_hal_gpio.c...
compiling tim.c...
compiling stm32f4xx_hal_msp.c...
compiling usart.c...
compiling stm32f4xx_hal_flash_ex.c...
compiling stm32f4xx_it.c...
compiling stm32f4xx_hal_rcc_ex.c...
compiling stm32f4xx_hal_dma_ex.c...
compiling stm32f4xx_hal_rcc.c...
compiling gpio.c...
compiling stm32f4xx_hal_flash.c...
compiling stm32f4xx_hal_crc.c...
compiling main.c...
compiling crc.c...
compiling stm32f4xx_hal.c...
compiling stm32f4xx_hal_pwr_ex.c...
compiling stm32f4xx_hal_exti.c...
compiling stm32f4xx_ll_sdmmc.c...
compiling stm32f4xx_hal_mmc.c...
compiling common.c...
compiling stm32f4xx_hal_cortex.c...
compiling stm32f4xx_hal_sd.c...
compiling stm32f4xx_hal_dma.c...
compiling stm32f4xx_hal_pwr.c...
compiling stm32f4xx_hal_tim.c...
compiling system_stm32f4xx.c...
compiling stm32f4xx_hal_uart.c...
compiling stm32f4xx_hal_tim_ex.c...
compiling flash_if.c...
compiling menu.c...
compiling dwt_delay.c...
compiling ymodem.c...
linking...
Program Size: Code=17236 RO-data=912 RW-data=40 ZI-data=2504  
FromELF: creating hex file...
"bootloader\bootloader.axf" - 0 Error(s), 0 Warning(s).
Build Time Elapsed:  00:00:26
